Analysis & Synthesis report for Aula1
Mon Oct 28 17:58:57 2019
Quartus Prime Version 18.1.0 Build 625 09/12/2018 SJ Standard Edition


---------------------
; Table of Contents ;
---------------------
  1. Legal Notice
  2. Analysis & Synthesis Summary
  3. Analysis & Synthesis Settings
  4. Parallel Compilation
  5. Analysis & Synthesis Source Files Read
  6. Analysis & Synthesis Resource Usage Summary
  7. Analysis & Synthesis Resource Utilization by Entity
  8. Registers Removed During Synthesis
  9. General Register Statistics
 10. Parameter Settings for User Entity Instance: MUX2_1:muxPC
 11. Parameter Settings for User Entity Instance: MUX2_1:muxInBULA
 12. Parameter Settings for User Entity Instance: MUX2_1:muxInCULA
 13. Parameter Settings for User Entity Instance: MUX2_1:muxBANCO
 14. Post-Synthesis Netlist Statistics for Top Partition
 15. Elapsed Time Per Partition
 16. Analysis & Synthesis Messages



----------------
; Legal Notice ;
----------------
Copyright (C) 2018  Intel Corporation. All rights reserved.
Your use of Intel Corporation's design tools, logic functions 
and other software and tools, and its AMPP partner logic 
functions, and any output files from any of the foregoing 
(including device programming or simulation files), and any 
associated documentation or information are expressly subject 
to the terms and conditions of the Intel Program License 
Subscription Agreement, the Intel Quartus Prime License Agreement,
the Intel FPGA IP License Agreement, or other applicable license
agreement, including, without limitation, that your use is for
the sole purpose of programming logic devices manufactured by
Intel and sold by Intel or its authorized distributors.  Please
refer to the applicable agreement for further details.



+--------------------------------------------------------------------------------------+
; Analysis & Synthesis Summary                                                         ;
+------------------------------------+-------------------------------------------------+
; Analysis & Synthesis Status        ; Successful - Mon Oct 28 17:58:57 2019           ;
; Quartus Prime Version              ; 18.1.0 Build 625 09/12/2018 SJ Standard Edition ;
; Revision Name                      ; Aula1                                           ;
; Top-level Entity Name              ; CPU                                             ;
; Family                             ; Cyclone IV E                                    ;
; Total logic elements               ; 77                                              ;
;     Total combinational functions  ; 63                                              ;
;     Dedicated logic registers      ; 28                                              ;
; Total registers                    ; 28                                              ;
; Total pins                         ; 27                                              ;
; Total virtual pins                 ; 0                                               ;
; Total memory bits                  ; 0                                               ;
; Embedded Multiplier 9-bit elements ; 0                                               ;
; Total PLLs                         ; 0                                               ;
+------------------------------------+-------------------------------------------------+


+------------------------------------------------------------------------------------------------------------+
; Analysis & Synthesis Settings                                                                              ;
+------------------------------------------------------------------+--------------------+--------------------+
; Option                                                           ; Setting            ; Default Value      ;
+------------------------------------------------------------------+--------------------+--------------------+
; Device                                                           ; EP4CE115F29C7      ;                    ;
; Top-level entity name                                            ; CPU                ; Aula1              ;
; Family name                                                      ; Cyclone IV E       ; Cyclone V          ;
; VHDL Show LMF Mapping Messages                                   ; Off                ;                    ;
; VHDL Version                                                     ; VHDL_2008          ; VHDL_1993          ;
; Use smart compilation                                            ; Off                ; Off                ;
; Enable parallel Assembler and Timing Analyzer during compilation ; On                 ; On                 ;
; Enable compact report table                                      ; Off                ; Off                ;
; Restructure Multiplexers                                         ; Auto               ; Auto               ;
; Create Debugging Nodes for IP Cores                              ; Off                ; Off                ;
; Preserve fewer node names                                        ; On                 ; On                 ;
; Intel FPGA IP Evaluation Mode                                    ; Enable             ; Enable             ;
; Verilog Version                                                  ; Verilog_2001       ; Verilog_2001       ;
; State Machine Processing                                         ; Auto               ; Auto               ;
; Safe State Machine                                               ; Off                ; Off                ;
; Extract Verilog State Machines                                   ; On                 ; On                 ;
; Extract VHDL State Machines                                      ; On                 ; On                 ;
; Ignore Verilog initial constructs                                ; Off                ; Off                ;
; Iteration limit for constant Verilog loops                       ; 5000               ; 5000               ;
; Iteration limit for non-constant Verilog loops                   ; 250                ; 250                ;
; Add Pass-Through Logic to Inferred RAMs                          ; On                 ; On                 ;
; Infer RAMs from Raw Logic                                        ; On                 ; On                 ;
; Parallel Synthesis                                               ; On                 ; On                 ;
; DSP Block Balancing                                              ; Auto               ; Auto               ;
; NOT Gate Push-Back                                               ; On                 ; On                 ;
; Power-Up Don't Care                                              ; On                 ; On                 ;
; Remove Redundant Logic Cells                                     ; Off                ; Off                ;
; Remove Duplicate Registers                                       ; On                 ; On                 ;
; Ignore CARRY Buffers                                             ; Off                ; Off                ;
; Ignore CASCADE Buffers                                           ; Off                ; Off                ;
; Ignore GLOBAL Buffers                                            ; Off                ; Off                ;
; Ignore ROW GLOBAL Buffers                                        ; Off                ; Off                ;
; Ignore LCELL Buffers                                             ; Off                ; Off                ;
; Ignore SOFT Buffers                                              ; On                 ; On                 ;
; Limit AHDL Integers to 32 Bits                                   ; Off                ; Off                ;
; Optimization Technique                                           ; Balanced           ; Balanced           ;
; Carry Chain Length                                               ; 70                 ; 70                 ;
; Auto Carry Chains                                                ; On                 ; On                 ;
; Auto Open-Drain Pins                                             ; On                 ; On                 ;
; Perform WYSIWYG Primitive Resynthesis                            ; Off                ; Off                ;
; Auto ROM Replacement                                             ; On                 ; On                 ;
; Auto RAM Replacement                                             ; On                 ; On                 ;
; Auto DSP Block Replacement                                       ; On                 ; On                 ;
; Auto Shift Register Replacement                                  ; Auto               ; Auto               ;
; Allow Shift Register Merging across Hierarchies                  ; Auto               ; Auto               ;
; Auto Clock Enable Replacement                                    ; On                 ; On                 ;
; Strict RAM Replacement                                           ; Off                ; Off                ;
; Allow Synchronous Control Signals                                ; On                 ; On                 ;
; Force Use of Synchronous Clear Signals                           ; Off                ; Off                ;
; Auto RAM Block Balancing                                         ; On                 ; On                 ;
; Auto RAM to Logic Cell Conversion                                ; Off                ; Off                ;
; Auto Resource Sharing                                            ; Off                ; Off                ;
; Allow Any RAM Size For Recognition                               ; Off                ; Off                ;
; Allow Any ROM Size For Recognition                               ; Off                ; Off                ;
; Allow Any Shift Register Size For Recognition                    ; Off                ; Off                ;
; Use LogicLock Constraints during Resource Balancing              ; On                 ; On                 ;
; Ignore translate_off and synthesis_off directives                ; Off                ; Off                ;
; Timing-Driven Synthesis                                          ; On                 ; On                 ;
; Report Parameter Settings                                        ; On                 ; On                 ;
; Report Source Assignments                                        ; On                 ; On                 ;
; Report Connectivity Checks                                       ; On                 ; On                 ;
; Ignore Maximum Fan-Out Assignments                               ; Off                ; Off                ;
; Synchronization Register Chain Length                            ; 2                  ; 2                  ;
; Power Optimization During Synthesis                              ; Normal compilation ; Normal compilation ;
; HDL message level                                                ; Level2             ; Level2             ;
; Suppress Register Optimization Related Messages                  ; Off                ; Off                ;
; Number of Removed Registers Reported in Synthesis Report         ; 5000               ; 5000               ;
; Number of Swept Nodes Reported in Synthesis Report               ; 5000               ; 5000               ;
; Number of Inverted Registers Reported in Synthesis Report        ; 100                ; 100                ;
; Clock MUX Protection                                             ; On                 ; On                 ;
; Auto Gated Clock Conversion                                      ; Off                ; Off                ;
; Block Design Naming                                              ; Auto               ; Auto               ;
; SDC constraint protection                                        ; Off                ; Off                ;
; Synthesis Effort                                                 ; Auto               ; Auto               ;
; Shift Register Replacement - Allow Asynchronous Clear Signal     ; On                 ; On                 ;
; Pre-Mapping Resynthesis Optimization                             ; Off                ; Off                ;
; Analysis & Synthesis Message Level                               ; Medium             ; Medium             ;
; Disable Register Merging Across Hierarchies                      ; Auto               ; Auto               ;
; Resource Aware Inference For Block RAM                           ; On                 ; On                 ;
+------------------------------------------------------------------+--------------------+--------------------+


+------------------------------------------+
; Parallel Compilation                     ;
+----------------------------+-------------+
; Processors                 ; Number      ;
+----------------------------+-------------+
; Number detected on machine ; 12          ;
; Maximum allowed            ; 6           ;
;                            ;             ;
; Average used               ; 1.00        ;
; Maximum used               ; 6           ;
;                            ;             ;
; Usage by Processor         ; % Time Used ;
;     Processor 1            ; 100.0%      ;
;     Processors 2-6         ;   0.0%      ;
+----------------------------+-------------+


+--------------------------------------------------------------------------------------------------------------------------------------------------------------------------------------+
; Analysis & Synthesis Source Files Read                                                                                                                                               ;
+----------------------------------+-----------------+-----------------+-----------------------------------------------------------------------------------------------------+---------+
; File Name with User-Entered Path ; Used in Netlist ; File Type       ; File Name with Absolute Path                                                                        ; Library ;
+----------------------------------+-----------------+-----------------+-----------------------------------------------------------------------------------------------------+---------+
; BANCO.vhd                        ; yes             ; User VHDL File  ; C:/Users/MarcoASMA/Desktop/uP_M3LLO/Quartus/LABs - Design de Computadores/Aula1/BANCO.vhd           ;         ;
; ULA.vhd                          ; yes             ; User VHDL File  ; C:/Users/MarcoASMA/Desktop/uP_M3LLO/Quartus/LABs - Design de Computadores/Aula1/ULA.vhd             ;         ;
; PC.vhd                           ; yes             ; User VHDL File  ; C:/Users/MarcoASMA/Desktop/uP_M3LLO/Quartus/LABs - Design de Computadores/Aula1/PC.vhd              ;         ;
; SOMADOR.vhd                      ; yes             ; User VHDL File  ; C:/Users/MarcoASMA/Desktop/uP_M3LLO/Quartus/LABs - Design de Computadores/Aula1/SOMADOR.vhd         ;         ;
; ROM.vhd                          ; yes             ; User VHDL File  ; C:/Users/MarcoASMA/Desktop/uP_M3LLO/Quartus/LABs - Design de Computadores/Aula1/ROM.vhd             ;         ;
; CPU.vhd                          ; yes             ; User VHDL File  ; C:/Users/MarcoASMA/Desktop/uP_M3LLO/Quartus/LABs - Design de Computadores/Aula1/CPU.vhd             ;         ;
; MUX2_1.vhd                       ; yes             ; User VHDL File  ; C:/Users/MarcoASMA/Desktop/uP_M3LLO/Quartus/LABs - Design de Computadores/Aula1/MUX2_1.vhd          ;         ;
; UNIDADECONTROLE.vhd              ; yes             ; User VHDL File  ; C:/Users/MarcoASMA/Desktop/uP_M3LLO/Quartus/LABs - Design de Computadores/Aula1/UNIDADECONTROLE.vhd ;         ;
+----------------------------------+-----------------+-----------------+-----------------------------------------------------------------------------------------------------+---------+


+---------------------------------------------------------+
; Analysis & Synthesis Resource Usage Summary             ;
+---------------------------------------------+-----------+
; Resource                                    ; Usage     ;
+---------------------------------------------+-----------+
; Estimated Total logic elements              ; 77        ;
;                                             ;           ;
; Total combinational functions               ; 63        ;
; Logic element usage by number of LUT inputs ;           ;
;     -- 4 input functions                    ; 24        ;
;     -- 3 input functions                    ; 21        ;
;     -- <=2 input functions                  ; 18        ;
;                                             ;           ;
; Logic elements by mode                      ;           ;
;     -- normal mode                          ; 45        ;
;     -- arithmetic mode                      ; 18        ;
;                                             ;           ;
; Total registers                             ; 28        ;
;     -- Dedicated logic registers            ; 28        ;
;     -- I/O registers                        ; 0         ;
;                                             ;           ;
; I/O pins                                    ; 27        ;
;                                             ;           ;
; Embedded Multiplier 9-bit elements          ; 0         ;
;                                             ;           ;
; Maximum fan-out node                        ; clk~input ;
; Maximum fan-out                             ; 28        ;
; Total fan-out                               ; 305       ;
; Average fan-out                             ; 2.10      ;
+---------------------------------------------+-----------+


+-----------------------------------------------------------------------------------------------------------------------------------------------------------------------------------------------------------------------------------------+
; Analysis & Synthesis Resource Utilization by Entity                                                                                                                                                                                     ;
+--------------------------------------+---------------------+---------------------------+-------------+--------------+---------+-----------+------+--------------+--------------------------------------+-----------------+--------------+
; Compilation Hierarchy Node           ; Combinational ALUTs ; Dedicated Logic Registers ; Memory Bits ; DSP Elements ; DSP 9x9 ; DSP 18x18 ; Pins ; Virtual Pins ; Full Hierarchy Name                  ; Entity Name     ; Library Name ;
+--------------------------------------+---------------------+---------------------------+-------------+--------------+---------+-----------+------+--------------+--------------------------------------+-----------------+--------------+
; |CPU                                 ; 63 (0)              ; 28 (0)                    ; 0           ; 0            ; 0       ; 0         ; 27   ; 0            ; |CPU                                 ; CPU             ; work         ;
;    |MUX2_1:muxInBULA|                ; 16 (16)             ; 0 (0)                     ; 0           ; 0            ; 0       ; 0         ; 0    ; 0            ; |CPU|MUX2_1:muxInBULA                ; MUX2_1          ; work         ;
;    |MUX2_1:muxInCULA|                ; 8 (8)               ; 0 (0)                     ; 0           ; 0            ; 0       ; 0         ; 0    ; 0            ; |CPU|MUX2_1:muxInCULA                ; MUX2_1          ; work         ;
;    |UNIDADECONTROLE:unidadecontrole| ; 2 (2)               ; 0 (0)                     ; 0           ; 0            ; 0       ; 0         ; 0    ; 0            ; |CPU|UNIDADECONTROLE:unidadecontrole ; UNIDADECONTROLE ; work         ;
;    |banco:banco|                     ; 2 (2)               ; 16 (16)                   ; 0           ; 0            ; 0       ; 0         ; 0    ; 0            ; |CPU|banco:banco                     ; banco           ; work         ;
;    |pc:pc|                           ; 12 (12)             ; 12 (12)                   ; 0           ; 0            ; 0       ; 0         ; 0    ; 0            ; |CPU|pc:pc                           ; pc              ; work         ;
;    |rom:rom|                         ; 15 (15)             ; 0 (0)                     ; 0           ; 0            ; 0       ; 0         ; 0    ; 0            ; |CPU|rom:rom                         ; rom             ; work         ;
;    |ula:ula|                         ; 8 (8)               ; 0 (0)                     ; 0           ; 0            ; 0       ; 0         ; 0    ; 0            ; |CPU|ula:ula                         ; ula             ; work         ;
+--------------------------------------+---------------------+---------------------------+-------------+--------------+---------+-----------+------+--------------+--------------------------------------+-----------------+--------------+
Note: For table entries with two numbers listed, the numbers in parentheses indicate the number of resources of the given type used by the specific entity alone. The numbers listed outside of parentheses indicate the total resources of the given type used by the specific entity and all of its sub-entities in the hierarchy.


+--------------------------------------------------------------+
; Registers Removed During Synthesis                           ;
+-----------------------------------------+--------------------+
; Register name                           ; Reason for Removal ;
+-----------------------------------------+--------------------+
; banco:banco|ram~21                      ; Lost fanout        ;
; banco:banco|ram~22                      ; Lost fanout        ;
; banco:banco|ram~23                      ; Lost fanout        ;
; banco:banco|ram~24                      ; Lost fanout        ;
; banco:banco|ram~25                      ; Lost fanout        ;
; banco:banco|ram~26                      ; Lost fanout        ;
; banco:banco|ram~27                      ; Lost fanout        ;
; banco:banco|ram~28                      ; Lost fanout        ;
; banco:banco|ram~37                      ; Lost fanout        ;
; banco:banco|ram~38                      ; Lost fanout        ;
; banco:banco|ram~39                      ; Lost fanout        ;
; banco:banco|ram~40                      ; Lost fanout        ;
; banco:banco|ram~41                      ; Lost fanout        ;
; banco:banco|ram~42                      ; Lost fanout        ;
; banco:banco|ram~43                      ; Lost fanout        ;
; banco:banco|ram~44                      ; Lost fanout        ;
; banco:banco|ram~45                      ; Lost fanout        ;
; banco:banco|ram~46                      ; Lost fanout        ;
; banco:banco|ram~47                      ; Lost fanout        ;
; banco:banco|ram~48                      ; Lost fanout        ;
; banco:banco|ram~49                      ; Lost fanout        ;
; banco:banco|ram~50                      ; Lost fanout        ;
; banco:banco|ram~51                      ; Lost fanout        ;
; banco:banco|ram~52                      ; Lost fanout        ;
; banco:banco|ram~53                      ; Lost fanout        ;
; banco:banco|ram~54                      ; Lost fanout        ;
; banco:banco|ram~55                      ; Lost fanout        ;
; banco:banco|ram~56                      ; Lost fanout        ;
; banco:banco|ram~57                      ; Lost fanout        ;
; banco:banco|ram~58                      ; Lost fanout        ;
; banco:banco|ram~59                      ; Lost fanout        ;
; banco:banco|ram~60                      ; Lost fanout        ;
; banco:banco|ram~61                      ; Lost fanout        ;
; banco:banco|ram~62                      ; Lost fanout        ;
; banco:banco|ram~63                      ; Lost fanout        ;
; banco:banco|ram~64                      ; Lost fanout        ;
; banco:banco|ram~65                      ; Lost fanout        ;
; banco:banco|ram~66                      ; Lost fanout        ;
; banco:banco|ram~67                      ; Lost fanout        ;
; banco:banco|ram~68                      ; Lost fanout        ;
; banco:banco|ram~69                      ; Lost fanout        ;
; banco:banco|ram~70                      ; Lost fanout        ;
; banco:banco|ram~71                      ; Lost fanout        ;
; banco:banco|ram~72                      ; Lost fanout        ;
; banco:banco|ram~73                      ; Lost fanout        ;
; banco:banco|ram~74                      ; Lost fanout        ;
; banco:banco|ram~75                      ; Lost fanout        ;
; banco:banco|ram~76                      ; Lost fanout        ;
; banco:banco|ram~85                      ; Lost fanout        ;
; banco:banco|ram~86                      ; Lost fanout        ;
; banco:banco|ram~87                      ; Lost fanout        ;
; banco:banco|ram~88                      ; Lost fanout        ;
; banco:banco|ram~89                      ; Lost fanout        ;
; banco:banco|ram~90                      ; Lost fanout        ;
; banco:banco|ram~91                      ; Lost fanout        ;
; banco:banco|ram~92                      ; Lost fanout        ;
; banco:banco|ram~101                     ; Lost fanout        ;
; banco:banco|ram~102                     ; Lost fanout        ;
; banco:banco|ram~103                     ; Lost fanout        ;
; banco:banco|ram~104                     ; Lost fanout        ;
; banco:banco|ram~105                     ; Lost fanout        ;
; banco:banco|ram~106                     ; Lost fanout        ;
; banco:banco|ram~107                     ; Lost fanout        ;
; banco:banco|ram~108                     ; Lost fanout        ;
; banco:banco|ram~109                     ; Lost fanout        ;
; banco:banco|ram~110                     ; Lost fanout        ;
; banco:banco|ram~111                     ; Lost fanout        ;
; banco:banco|ram~112                     ; Lost fanout        ;
; banco:banco|ram~113                     ; Lost fanout        ;
; banco:banco|ram~114                     ; Lost fanout        ;
; banco:banco|ram~115                     ; Lost fanout        ;
; banco:banco|ram~116                     ; Lost fanout        ;
; banco:banco|ram~117                     ; Lost fanout        ;
; banco:banco|ram~118                     ; Lost fanout        ;
; banco:banco|ram~119                     ; Lost fanout        ;
; banco:banco|ram~120                     ; Lost fanout        ;
; banco:banco|ram~121                     ; Lost fanout        ;
; banco:banco|ram~122                     ; Lost fanout        ;
; banco:banco|ram~123                     ; Lost fanout        ;
; banco:banco|ram~124                     ; Lost fanout        ;
; banco:banco|ram~125                     ; Lost fanout        ;
; banco:banco|ram~126                     ; Lost fanout        ;
; banco:banco|ram~127                     ; Lost fanout        ;
; banco:banco|ram~128                     ; Lost fanout        ;
; banco:banco|ram~129                     ; Lost fanout        ;
; banco:banco|ram~130                     ; Lost fanout        ;
; banco:banco|ram~131                     ; Lost fanout        ;
; banco:banco|ram~132                     ; Lost fanout        ;
; banco:banco|ram~133                     ; Lost fanout        ;
; banco:banco|ram~134                     ; Lost fanout        ;
; banco:banco|ram~135                     ; Lost fanout        ;
; banco:banco|ram~136                     ; Lost fanout        ;
; banco:banco|ram~137                     ; Lost fanout        ;
; banco:banco|ram~138                     ; Lost fanout        ;
; banco:banco|ram~139                     ; Lost fanout        ;
; banco:banco|ram~140                     ; Lost fanout        ;
; banco:banco|ram~29                      ; Lost fanout        ;
; banco:banco|ram~77                      ; Lost fanout        ;
; banco:banco|ram~30                      ; Lost fanout        ;
; banco:banco|ram~78                      ; Lost fanout        ;
; banco:banco|ram~31                      ; Lost fanout        ;
; banco:banco|ram~79                      ; Lost fanout        ;
; banco:banco|ram~32                      ; Lost fanout        ;
; banco:banco|ram~80                      ; Lost fanout        ;
; banco:banco|ram~33                      ; Lost fanout        ;
; banco:banco|ram~81                      ; Lost fanout        ;
; banco:banco|ram~34                      ; Lost fanout        ;
; banco:banco|ram~82                      ; Lost fanout        ;
; banco:banco|ram~35                      ; Lost fanout        ;
; banco:banco|ram~83                      ; Lost fanout        ;
; banco:banco|ram~36                      ; Lost fanout        ;
; banco:banco|ram~84                      ; Lost fanout        ;
; Total Number of Removed Registers = 112 ;                    ;
+-----------------------------------------+--------------------+


+------------------------------------------------------+
; General Register Statistics                          ;
+----------------------------------------------+-------+
; Statistic                                    ; Value ;
+----------------------------------------------+-------+
; Total registers                              ; 28    ;
; Number of registers using Synchronous Clear  ; 0     ;
; Number of registers using Synchronous Load   ; 0     ;
; Number of registers using Asynchronous Clear ; 0     ;
; Number of registers using Asynchronous Load  ; 0     ;
; Number of registers using Clock Enable       ; 16    ;
; Number of registers using Preset             ; 0     ;
+----------------------------------------------+-------+


+-----------------------------------------------------------+
; Parameter Settings for User Entity Instance: MUX2_1:muxPC ;
+-----------------+-------+---------------------------------+
; Parameter Name  ; Value ; Type                            ;
+-----------------+-------+---------------------------------+
; tamanho_qdtbits ; 12    ; Signed Integer                  ;
+-----------------+-------+---------------------------------+
Note: In order to hide this table in the UI and the text report file, please set the "Show Parameter Settings in Synthesis Report" option in "Analysis and Synthesis Settings -> More Settings" to "Off".


+---------------------------------------------------------------+
; Parameter Settings for User Entity Instance: MUX2_1:muxInBULA ;
+-----------------+-------+-------------------------------------+
; Parameter Name  ; Value ; Type                                ;
+-----------------+-------+-------------------------------------+
; tamanho_qdtbits ; 8     ; Signed Integer                      ;
+-----------------+-------+-------------------------------------+
Note: In order to hide this table in the UI and the text report file, please set the "Show Parameter Settings in Synthesis Report" option in "Analysis and Synthesis Settings -> More Settings" to "Off".


+---------------------------------------------------------------+
; Parameter Settings for User Entity Instance: MUX2_1:muxInCULA ;
+-----------------+-------+-------------------------------------+
; Parameter Name  ; Value ; Type                                ;
+-----------------+-------+-------------------------------------+
; tamanho_qdtbits ; 8     ; Signed Integer                      ;
+-----------------+-------+-------------------------------------+
Note: In order to hide this table in the UI and the text report file, please set the "Show Parameter Settings in Synthesis Report" option in "Analysis and Synthesis Settings -> More Settings" to "Off".


+--------------------------------------------------------------+
; Parameter Settings for User Entity Instance: MUX2_1:muxBANCO ;
+-----------------+-------+------------------------------------+
; Parameter Name  ; Value ; Type                               ;
+-----------------+-------+------------------------------------+
; tamanho_qdtbits ; 8     ; Signed Integer                     ;
+-----------------+-------+------------------------------------+
Note: In order to hide this table in the UI and the text report file, please set the "Show Parameter Settings in Synthesis Report" option in "Analysis and Synthesis Settings -> More Settings" to "Off".


+-----------------------------------------------------+
; Post-Synthesis Netlist Statistics for Top Partition ;
+-----------------------+-----------------------------+
; Type                  ; Count                       ;
+-----------------------+-----------------------------+
; boundary_port         ; 27                          ;
; cycloneiii_ff         ; 28                          ;
;     ENA               ; 16                          ;
;     plain             ; 12                          ;
; cycloneiii_io_obuf    ; 8                           ;
; cycloneiii_lcell_comb ; 64                          ;
;     arith             ; 18                          ;
;         2 data inputs ; 11                          ;
;         3 data inputs ; 7                           ;
;     normal            ; 46                          ;
;         0 data inputs ; 1                           ;
;         1 data inputs ; 1                           ;
;         2 data inputs ; 6                           ;
;         3 data inputs ; 14                          ;
;         4 data inputs ; 24                          ;
;                       ;                             ;
; Max LUT depth         ; 5.70                        ;
; Average LUT depth     ; 3.76                        ;
+-----------------------+-----------------------------+


+-------------------------------+
; Elapsed Time Per Partition    ;
+----------------+--------------+
; Partition Name ; Elapsed Time ;
+----------------+--------------+
; Top            ; 00:00:00     ;
+----------------+--------------+


+-------------------------------+
; Analysis & Synthesis Messages ;
+-------------------------------+
Info: *******************************************************************
Info: Running Quartus Prime Analysis & Synthesis
    Info: Version 18.1.0 Build 625 09/12/2018 SJ Standard Edition
    Info: Processing started: Mon Oct 28 17:58:45 2019
Info: Command: quartus_map --read_settings_files=on --write_settings_files=off Aula1 -c Aula1
Warning (18236): Number of processors has not been specified which may cause overloading on shared machines.  Set the global assignment NUM_PARALLEL_PROCESSORS in your QSF to an appropriate value for best performance.
Info (20030): Parallel compilation is enabled and will use 6 of the 6 processors detected
Info (12021): Found 2 design units, including 1 entities, in source file banco.vhd
    Info (12022): Found design unit 1: banco-arc_banco File: C:/Users/MarcoASMA/Desktop/uP_M3LLO/Quartus/LABs - Design de Computadores/Aula1/BANCO.vhd Line: 24
    Info (12023): Found entity 1: banco File: C:/Users/MarcoASMA/Desktop/uP_M3LLO/Quartus/LABs - Design de Computadores/Aula1/BANCO.vhd Line: 5
Info (12021): Found 2 design units, including 1 entities, in source file lcd.vhd
    Info (12022): Found design unit 1: lcd-LCD_DISPLAY_arch File: C:/Users/MarcoASMA/Desktop/uP_M3LLO/Quartus/LABs - Design de Computadores/Aula1/lcd.vhd Line: 42
    Info (12023): Found entity 1: lcd File: C:/Users/MarcoASMA/Desktop/uP_M3LLO/Quartus/LABs - Design de Computadores/Aula1/lcd.vhd Line: 18
Info (12021): Found 2 design units, including 1 entities, in source file aula1.vhd
    Info (12022): Found design unit 1: Aula1-arch_Aula1 File: C:/Users/MarcoASMA/Desktop/uP_M3LLO/Quartus/LABs - Design de Computadores/Aula1/Aula1.vhd Line: 29
    Info (12023): Found entity 1: Aula1 File: C:/Users/MarcoASMA/Desktop/uP_M3LLO/Quartus/LABs - Design de Computadores/Aula1/Aula1.vhd Line: 6
Info (12021): Found 2 design units, including 1 entities, in source file ula.vhd
    Info (12022): Found design unit 1: ula-arc_ula File: C:/Users/MarcoASMA/Desktop/uP_M3LLO/Quartus/LABs - Design de Computadores/Aula1/ULA.vhd Line: 19
    Info (12023): Found entity 1: ula File: C:/Users/MarcoASMA/Desktop/uP_M3LLO/Quartus/LABs - Design de Computadores/Aula1/ULA.vhd Line: 5
Info (12021): Found 2 design units, including 1 entities, in source file pc.vhd
    Info (12022): Found design unit 1: pc-arc_pc File: C:/Users/MarcoASMA/Desktop/uP_M3LLO/Quartus/LABs - Design de Computadores/Aula1/PC.vhd Line: 15
    Info (12023): Found entity 1: pc File: C:/Users/MarcoASMA/Desktop/uP_M3LLO/Quartus/LABs - Design de Computadores/Aula1/PC.vhd Line: 5
Info (12021): Found 2 design units, including 1 entities, in source file somador.vhd
    Info (12022): Found design unit 1: somador-arc_somador File: C:/Users/MarcoASMA/Desktop/uP_M3LLO/Quartus/LABs - Design de Computadores/Aula1/SOMADOR.vhd Line: 15
    Info (12023): Found entity 1: somador File: C:/Users/MarcoASMA/Desktop/uP_M3LLO/Quartus/LABs - Design de Computadores/Aula1/SOMADOR.vhd Line: 5
Info (12021): Found 2 design units, including 1 entities, in source file rom.vhd
    Info (12022): Found design unit 1: rom-arc_rom File: C:/Users/MarcoASMA/Desktop/uP_M3LLO/Quartus/LABs - Design de Computadores/Aula1/ROM.vhd Line: 12
    Info (12023): Found entity 1: rom File: C:/Users/MarcoASMA/Desktop/uP_M3LLO/Quartus/LABs - Design de Computadores/Aula1/ROM.vhd Line: 5
Info (12021): Found 2 design units, including 1 entities, in source file cpu.vhd
    Info (12022): Found design unit 1: CPU-arch_CPU File: C:/Users/MarcoASMA/Desktop/uP_M3LLO/Quartus/LABs - Design de Computadores/Aula1/CPU.vhd Line: 20
    Info (12023): Found entity 1: CPU File: C:/Users/MarcoASMA/Desktop/uP_M3LLO/Quartus/LABs - Design de Computadores/Aula1/CPU.vhd Line: 6
Info (12021): Found 2 design units, including 1 entities, in source file mux2_1.vhd
    Info (12022): Found design unit 1: MUX2_1-arc_MUX2_1 File: C:/Users/MarcoASMA/Desktop/uP_M3LLO/Quartus/LABs - Design de Computadores/Aula1/MUX2_1.vhd Line: 19
    Info (12023): Found entity 1: MUX2_1 File: C:/Users/MarcoASMA/Desktop/uP_M3LLO/Quartus/LABs - Design de Computadores/Aula1/MUX2_1.vhd Line: 5
Info (12021): Found 2 design units, including 1 entities, in source file unidadecontrole.vhd
    Info (12022): Found design unit 1: UNIDADECONTROLE-arc_UNIDADECONTROLE File: C:/Users/MarcoASMA/Desktop/uP_M3LLO/Quartus/LABs - Design de Computadores/Aula1/UNIDADECONTROLE.vhd Line: 28
    Info (12023): Found entity 1: UNIDADECONTROLE File: C:/Users/MarcoASMA/Desktop/uP_M3LLO/Quartus/LABs - Design de Computadores/Aula1/UNIDADECONTROLE.vhd Line: 5
Info (12127): Elaborating entity "CPU" for the top level hierarchy
Info (12128): Elaborating entity "UNIDADECONTROLE" for hierarchy "UNIDADECONTROLE:unidadecontrole" File: C:/Users/MarcoASMA/Desktop/uP_M3LLO/Quartus/LABs - Design de Computadores/Aula1/CPU.vhd Line: 85
Info (12128): Elaborating entity "rom" for hierarchy "rom:rom" File: C:/Users/MarcoASMA/Desktop/uP_M3LLO/Quartus/LABs - Design de Computadores/Aula1/CPU.vhd Line: 102
Info (12128): Elaborating entity "pc" for hierarchy "pc:pc" File: C:/Users/MarcoASMA/Desktop/uP_M3LLO/Quartus/LABs - Design de Computadores/Aula1/CPU.vhd Line: 108
Info (12128): Elaborating entity "somador" for hierarchy "somador:somador" File: C:/Users/MarcoASMA/Desktop/uP_M3LLO/Quartus/LABs - Design de Computadores/Aula1/CPU.vhd Line: 115
Info (12128): Elaborating entity "MUX2_1" for hierarchy "MUX2_1:muxPC" File: C:/Users/MarcoASMA/Desktop/uP_M3LLO/Quartus/LABs - Design de Computadores/Aula1/CPU.vhd Line: 121
Info (12128): Elaborating entity "ula" for hierarchy "ula:ula" File: C:/Users/MarcoASMA/Desktop/uP_M3LLO/Quartus/LABs - Design de Computadores/Aula1/CPU.vhd Line: 132
Info (12128): Elaborating entity "MUX2_1" for hierarchy "MUX2_1:muxInBULA" File: C:/Users/MarcoASMA/Desktop/uP_M3LLO/Quartus/LABs - Design de Computadores/Aula1/CPU.vhd Line: 142
Info (12128): Elaborating entity "banco" for hierarchy "banco:banco" File: C:/Users/MarcoASMA/Desktop/uP_M3LLO/Quartus/LABs - Design de Computadores/Aula1/CPU.vhd Line: 175
Warning (13046): Tri-state node(s) do not directly drive top-level pin(s)
    Warning (13049): Converted tri-state buffer "MUX2_1:muxBANCO|outMux[0]" feeding internal logic into a wire File: C:/Users/MarcoASMA/Desktop/uP_M3LLO/Quartus/LABs - Design de Computadores/Aula1/MUX2_1.vhd Line: 14
    Warning (13049): Converted tri-state buffer "MUX2_1:muxBANCO|outMux[1]" feeding internal logic into a wire File: C:/Users/MarcoASMA/Desktop/uP_M3LLO/Quartus/LABs - Design de Computadores/Aula1/MUX2_1.vhd Line: 14
    Warning (13049): Converted tri-state buffer "MUX2_1:muxBANCO|outMux[2]" feeding internal logic into a wire File: C:/Users/MarcoASMA/Desktop/uP_M3LLO/Quartus/LABs - Design de Computadores/Aula1/MUX2_1.vhd Line: 14
    Warning (13049): Converted tri-state buffer "MUX2_1:muxBANCO|outMux[3]" feeding internal logic into a wire File: C:/Users/MarcoASMA/Desktop/uP_M3LLO/Quartus/LABs - Design de Computadores/Aula1/MUX2_1.vhd Line: 14
    Warning (13049): Converted tri-state buffer "MUX2_1:muxBANCO|outMux[4]" feeding internal logic into a wire File: C:/Users/MarcoASMA/Desktop/uP_M3LLO/Quartus/LABs - Design de Computadores/Aula1/MUX2_1.vhd Line: 14
    Warning (13049): Converted tri-state buffer "MUX2_1:muxBANCO|outMux[5]" feeding internal logic into a wire File: C:/Users/MarcoASMA/Desktop/uP_M3LLO/Quartus/LABs - Design de Computadores/Aula1/MUX2_1.vhd Line: 14
    Warning (13049): Converted tri-state buffer "MUX2_1:muxBANCO|outMux[6]" feeding internal logic into a wire File: C:/Users/MarcoASMA/Desktop/uP_M3LLO/Quartus/LABs - Design de Computadores/Aula1/MUX2_1.vhd Line: 14
    Warning (13049): Converted tri-state buffer "MUX2_1:muxBANCO|outMux[7]" feeding internal logic into a wire File: C:/Users/MarcoASMA/Desktop/uP_M3LLO/Quartus/LABs - Design de Computadores/Aula1/MUX2_1.vhd Line: 14
    Warning (13049): Converted tri-state buffer "MUX2_1:muxInCULA|outMux[0]" feeding internal logic into a wire File: C:/Users/MarcoASMA/Desktop/uP_M3LLO/Quartus/LABs - Design de Computadores/Aula1/MUX2_1.vhd Line: 14
    Warning (13049): Converted tri-state buffer "MUX2_1:muxInCULA|outMux[1]" feeding internal logic into a wire File: C:/Users/MarcoASMA/Desktop/uP_M3LLO/Quartus/LABs - Design de Computadores/Aula1/MUX2_1.vhd Line: 14
    Warning (13049): Converted tri-state buffer "MUX2_1:muxInCULA|outMux[2]" feeding internal logic into a wire File: C:/Users/MarcoASMA/Desktop/uP_M3LLO/Quartus/LABs - Design de Computadores/Aula1/MUX2_1.vhd Line: 14
    Warning (13049): Converted tri-state buffer "MUX2_1:muxInCULA|outMux[3]" feeding internal logic into a wire File: C:/Users/MarcoASMA/Desktop/uP_M3LLO/Quartus/LABs - Design de Computadores/Aula1/MUX2_1.vhd Line: 14
    Warning (13049): Converted tri-state buffer "MUX2_1:muxInCULA|outMux[4]" feeding internal logic into a wire File: C:/Users/MarcoASMA/Desktop/uP_M3LLO/Quartus/LABs - Design de Computadores/Aula1/MUX2_1.vhd Line: 14
    Warning (13049): Converted tri-state buffer "MUX2_1:muxInCULA|outMux[5]" feeding internal logic into a wire File: C:/Users/MarcoASMA/Desktop/uP_M3LLO/Quartus/LABs - Design de Computadores/Aula1/MUX2_1.vhd Line: 14
    Warning (13049): Converted tri-state buffer "MUX2_1:muxInCULA|outMux[6]" feeding internal logic into a wire File: C:/Users/MarcoASMA/Desktop/uP_M3LLO/Quartus/LABs - Design de Computadores/Aula1/MUX2_1.vhd Line: 14
    Warning (13049): Converted tri-state buffer "MUX2_1:muxInCULA|outMux[7]" feeding internal logic into a wire File: C:/Users/MarcoASMA/Desktop/uP_M3LLO/Quartus/LABs - Design de Computadores/Aula1/MUX2_1.vhd Line: 14
    Warning (13049): Converted tri-state buffer "MUX2_1:muxInBULA|outMux[0]" feeding internal logic into a wire File: C:/Users/MarcoASMA/Desktop/uP_M3LLO/Quartus/LABs - Design de Computadores/Aula1/MUX2_1.vhd Line: 14
    Warning (13049): Converted tri-state buffer "MUX2_1:muxInBULA|outMux[1]" feeding internal logic into a wire File: C:/Users/MarcoASMA/Desktop/uP_M3LLO/Quartus/LABs - Design de Computadores/Aula1/MUX2_1.vhd Line: 14
    Warning (13049): Converted tri-state buffer "MUX2_1:muxInBULA|outMux[2]" feeding internal logic into a wire File: C:/Users/MarcoASMA/Desktop/uP_M3LLO/Quartus/LABs - Design de Computadores/Aula1/MUX2_1.vhd Line: 14
    Warning (13049): Converted tri-state buffer "MUX2_1:muxInBULA|outMux[3]" feeding internal logic into a wire File: C:/Users/MarcoASMA/Desktop/uP_M3LLO/Quartus/LABs - Design de Computadores/Aula1/MUX2_1.vhd Line: 14
    Warning (13049): Converted tri-state buffer "MUX2_1:muxInBULA|outMux[4]" feeding internal logic into a wire File: C:/Users/MarcoASMA/Desktop/uP_M3LLO/Quartus/LABs - Design de Computadores/Aula1/MUX2_1.vhd Line: 14
    Warning (13049): Converted tri-state buffer "MUX2_1:muxInBULA|outMux[5]" feeding internal logic into a wire File: C:/Users/MarcoASMA/Desktop/uP_M3LLO/Quartus/LABs - Design de Computadores/Aula1/MUX2_1.vhd Line: 14
    Warning (13049): Converted tri-state buffer "MUX2_1:muxInBULA|outMux[6]" feeding internal logic into a wire File: C:/Users/MarcoASMA/Desktop/uP_M3LLO/Quartus/LABs - Design de Computadores/Aula1/MUX2_1.vhd Line: 14
    Warning (13049): Converted tri-state buffer "MUX2_1:muxInBULA|outMux[7]" feeding internal logic into a wire File: C:/Users/MarcoASMA/Desktop/uP_M3LLO/Quartus/LABs - Design de Computadores/Aula1/MUX2_1.vhd Line: 14
    Warning (13049): Converted tri-state buffer "ula:ula|flagCarry" feeding internal logic into a wire File: C:/Users/MarcoASMA/Desktop/uP_M3LLO/Quartus/LABs - Design de Computadores/Aula1/ULA.vhd Line: 13
    Warning (13049): Converted tri-state buffer "MUX2_1:muxPC|outMux[0]" feeding internal logic into a wire File: C:/Users/MarcoASMA/Desktop/uP_M3LLO/Quartus/LABs - Design de Computadores/Aula1/MUX2_1.vhd Line: 14
    Warning (13049): Converted tri-state buffer "MUX2_1:muxPC|outMux[1]" feeding internal logic into a wire File: C:/Users/MarcoASMA/Desktop/uP_M3LLO/Quartus/LABs - Design de Computadores/Aula1/MUX2_1.vhd Line: 14
    Warning (13049): Converted tri-state buffer "MUX2_1:muxPC|outMux[2]" feeding internal logic into a wire File: C:/Users/MarcoASMA/Desktop/uP_M3LLO/Quartus/LABs - Design de Computadores/Aula1/MUX2_1.vhd Line: 14
    Warning (13049): Converted tri-state buffer "MUX2_1:muxPC|outMux[3]" feeding internal logic into a wire File: C:/Users/MarcoASMA/Desktop/uP_M3LLO/Quartus/LABs - Design de Computadores/Aula1/MUX2_1.vhd Line: 14
    Warning (13049): Converted tri-state buffer "MUX2_1:muxPC|outMux[4]" feeding internal logic into a wire File: C:/Users/MarcoASMA/Desktop/uP_M3LLO/Quartus/LABs - Design de Computadores/Aula1/MUX2_1.vhd Line: 14
    Warning (13049): Converted tri-state buffer "MUX2_1:muxPC|outMux[5]" feeding internal logic into a wire File: C:/Users/MarcoASMA/Desktop/uP_M3LLO/Quartus/LABs - Design de Computadores/Aula1/MUX2_1.vhd Line: 14
    Warning (13049): Converted tri-state buffer "MUX2_1:muxPC|outMux[6]" feeding internal logic into a wire File: C:/Users/MarcoASMA/Desktop/uP_M3LLO/Quartus/LABs - Design de Computadores/Aula1/MUX2_1.vhd Line: 14
    Warning (13049): Converted tri-state buffer "MUX2_1:muxPC|outMux[7]" feeding internal logic into a wire File: C:/Users/MarcoASMA/Desktop/uP_M3LLO/Quartus/LABs - Design de Computadores/Aula1/MUX2_1.vhd Line: 14
    Warning (13049): Converted tri-state buffer "MUX2_1:muxPC|outMux[8]" feeding internal logic into a wire File: C:/Users/MarcoASMA/Desktop/uP_M3LLO/Quartus/LABs - Design de Computadores/Aula1/MUX2_1.vhd Line: 14
    Warning (13049): Converted tri-state buffer "MUX2_1:muxPC|outMux[9]" feeding internal logic into a wire File: C:/Users/MarcoASMA/Desktop/uP_M3LLO/Quartus/LABs - Design de Computadores/Aula1/MUX2_1.vhd Line: 14
    Warning (13049): Converted tri-state buffer "MUX2_1:muxPC|outMux[10]" feeding internal logic into a wire File: C:/Users/MarcoASMA/Desktop/uP_M3LLO/Quartus/LABs - Design de Computadores/Aula1/MUX2_1.vhd Line: 14
    Warning (13049): Converted tri-state buffer "MUX2_1:muxPC|outMux[11]" feeding internal logic into a wire File: C:/Users/MarcoASMA/Desktop/uP_M3LLO/Quartus/LABs - Design de Computadores/Aula1/MUX2_1.vhd Line: 14
Info (276014): Found 1 instances of uninferred RAM logic
    Info (276007): RAM logic "banco:banco|ram" is uninferred due to asynchronous read logic File: C:/Users/MarcoASMA/Desktop/uP_M3LLO/Quartus/LABs - Design de Computadores/Aula1/BANCO.vhd Line: 29
Warning (13046): Tri-state node(s) do not directly drive top-level pin(s)
    Warning (13047): Converted the fan-out from the tri-state buffer "ula:ula|outA[0]" to the node "MUX2_1:muxBANCO|outMux[0]" into an OR gate File: C:/Users/MarcoASMA/Desktop/uP_M3LLO/Quartus/LABs - Design de Computadores/Aula1/ULA.vhd Line: 11
    Warning (13047): Converted the fan-out from the tri-state buffer "ula:ula|outA[1]" to the node "MUX2_1:muxBANCO|outMux[1]" into an OR gate File: C:/Users/MarcoASMA/Desktop/uP_M3LLO/Quartus/LABs - Design de Computadores/Aula1/ULA.vhd Line: 11
    Warning (13047): Converted the fan-out from the tri-state buffer "ula:ula|outA[2]" to the node "MUX2_1:muxBANCO|outMux[2]" into an OR gate File: C:/Users/MarcoASMA/Desktop/uP_M3LLO/Quartus/LABs - Design de Computadores/Aula1/ULA.vhd Line: 11
    Warning (13047): Converted the fan-out from the tri-state buffer "ula:ula|outA[3]" to the node "MUX2_1:muxBANCO|outMux[3]" into an OR gate File: C:/Users/MarcoASMA/Desktop/uP_M3LLO/Quartus/LABs - Design de Computadores/Aula1/ULA.vhd Line: 11
    Warning (13047): Converted the fan-out from the tri-state buffer "ula:ula|outA[4]" to the node "MUX2_1:muxBANCO|outMux[4]" into an OR gate File: C:/Users/MarcoASMA/Desktop/uP_M3LLO/Quartus/LABs - Design de Computadores/Aula1/ULA.vhd Line: 11
    Warning (13047): Converted the fan-out from the tri-state buffer "ula:ula|outA[5]" to the node "MUX2_1:muxBANCO|outMux[5]" into an OR gate File: C:/Users/MarcoASMA/Desktop/uP_M3LLO/Quartus/LABs - Design de Computadores/Aula1/ULA.vhd Line: 11
    Warning (13047): Converted the fan-out from the tri-state buffer "ula:ula|outA[6]" to the node "MUX2_1:muxBANCO|outMux[6]" into an OR gate File: C:/Users/MarcoASMA/Desktop/uP_M3LLO/Quartus/LABs - Design de Computadores/Aula1/ULA.vhd Line: 11
    Warning (13047): Converted the fan-out from the tri-state buffer "ula:ula|outA[7]" to the node "MUX2_1:muxBANCO|outMux[7]" into an OR gate File: C:/Users/MarcoASMA/Desktop/uP_M3LLO/Quartus/LABs - Design de Computadores/Aula1/ULA.vhd Line: 11
Warning (13008): TRI or OPNDRN buffers permanently disabled
    Warning (13010): Node "ula:ula|outA[0]~synth" File: C:/Users/MarcoASMA/Desktop/uP_M3LLO/Quartus/LABs - Design de Computadores/Aula1/ULA.vhd Line: 11
    Warning (13010): Node "ula:ula|outA[1]~synth" File: C:/Users/MarcoASMA/Desktop/uP_M3LLO/Quartus/LABs - Design de Computadores/Aula1/ULA.vhd Line: 11
    Warning (13010): Node "ula:ula|outA[2]~synth" File: C:/Users/MarcoASMA/Desktop/uP_M3LLO/Quartus/LABs - Design de Computadores/Aula1/ULA.vhd Line: 11
    Warning (13010): Node "ula:ula|outA[3]~synth" File: C:/Users/MarcoASMA/Desktop/uP_M3LLO/Quartus/LABs - Design de Computadores/Aula1/ULA.vhd Line: 11
    Warning (13010): Node "ula:ula|outA[4]~synth" File: C:/Users/MarcoASMA/Desktop/uP_M3LLO/Quartus/LABs - Design de Computadores/Aula1/ULA.vhd Line: 11
    Warning (13010): Node "ula:ula|outA[5]~synth" File: C:/Users/MarcoASMA/Desktop/uP_M3LLO/Quartus/LABs - Design de Computadores/Aula1/ULA.vhd Line: 11
    Warning (13010): Node "ula:ula|outA[6]~synth" File: C:/Users/MarcoASMA/Desktop/uP_M3LLO/Quartus/LABs - Design de Computadores/Aula1/ULA.vhd Line: 11
    Warning (13010): Node "ula:ula|outA[7]~synth" File: C:/Users/MarcoASMA/Desktop/uP_M3LLO/Quartus/LABs - Design de Computadores/Aula1/ULA.vhd Line: 11
Warning (13024): Output pins are stuck at VCC or GND
    Warning (13410): Pin "adress[0]" is stuck at GND File: C:/Users/MarcoASMA/Desktop/uP_M3LLO/Quartus/LABs - Design de Computadores/Aula1/CPU.vhd Line: 10
    Warning (13410): Pin "adress[2]" is stuck at GND File: C:/Users/MarcoASMA/Desktop/uP_M3LLO/Quartus/LABs - Design de Computadores/Aula1/CPU.vhd Line: 10
    Warning (13410): Pin "adress[4]" is stuck at GND File: C:/Users/MarcoASMA/Desktop/uP_M3LLO/Quartus/LABs - Design de Computadores/Aula1/CPU.vhd Line: 10
    Warning (13410): Pin "adress[6]" is stuck at GND File: C:/Users/MarcoASMA/Desktop/uP_M3LLO/Quartus/LABs - Design de Computadores/Aula1/CPU.vhd Line: 10
    Warning (13410): Pin "readEnable" is stuck at GND File: C:/Users/MarcoASMA/Desktop/uP_M3LLO/Quartus/LABs - Design de Computadores/Aula1/CPU.vhd Line: 13
    Warning (13410): Pin "writeEnable" is stuck at GND File: C:/Users/MarcoASMA/Desktop/uP_M3LLO/Quartus/LABs - Design de Computadores/Aula1/CPU.vhd Line: 14
Info (286030): Timing-Driven Synthesis is running
Info (17049): 112 registers lost all their fanouts during netlist optimizations.
Info (16010): Generating hard_block partition "hard_block:auto_generated_inst"
    Info (16011): Adding 0 node(s), including 0 DDIO, 0 PLL, 0 transceiver and 0 LCELL
Info (21057): Implemented 106 device resources after synthesis - the final resource count might be different
    Info (21058): Implemented 9 input pins
    Info (21059): Implemented 18 output pins
    Info (21061): Implemented 79 logic cells
Info: Quartus Prime Analysis & Synthesis was successful. 0 errors, 64 warnings
    Info: Peak virtual memory: 4831 megabytes
    Info: Processing ended: Mon Oct 28 17:58:57 2019
    Info: Elapsed time: 00:00:12
    Info: Total CPU time (on all processors): 00:00:20


